<?xml version="1.0" encoding="UTF-8"?>
<!-- Generated by org.testng.reporters.JUnitXMLReporter -->
<testsuite ignored="4" hostname="Ayashas-MacBook-Air.local" failures="1" tests="1" name="Default test" time="7.721" errors="0" timestamp="2024-07-25T22:18:08 IST">
  <testcase classname="MobileApplication.mobile.IoSMobileTestcase" name="valueScroll" time="1.287">
    <failure type="org.openqa.selenium.WebDriverException" message="An unknown server-side error occurred while processing the command. Original error: Invalid parameter not satisfying: point.x != INFINITY &amp;amp;&amp;amp; point.y != INFINITY
Build info: version: &amp;apos;4.23.0&amp;apos;, revision: &amp;apos;4df0a231af&amp;apos;
System info: os.name: &amp;apos;Mac OS X&amp;apos;, os.arch: &amp;apos;aarch64&amp;apos;, os.version: &amp;apos;14.5&amp;apos;, java.version: &amp;apos;17.0.10&amp;apos;
Driver info: io.appium.java_client.ios.IOSDriver
Command: [b2a77f88-3a55-4d99-aef6-c7207a93ac8f, executeScript {args=[{element=86000000-0000-0000-3F27-000000000000, direction=down}, percentage, 0.7, endX, 209, endY, 660], script=mobile:scroll}]
Capabilities {appium:app: /Users/ayashabodele/Library..., appium:automationName: XCuiTest, appium:databaseEnabled: false, appium:deviceName: Ayasha iPhone, appium:javascriptEnabled: true, appium:locationContextEnabled: false, appium:networkConnectionEnabled: false, appium:platformVersion: 15.0, appium:takesScreenshot: true, appium:udid: 93BFE899-66C1-4AC9-B0E3-0A4..., appium:wdaLaunchTimeout: 20000, appium:webStorageEnabled: false, platformName: IOS}
Session ID: b2a77f88-3a55-4d99-aef6-c7207a93ac8f">
      <![CDATA[org.openqa.selenium.WebDriverException: An unknown server-side error occurred while processing the command. Original error: Invalid parameter not satisfying: point.x != INFINITY && point.y != INFINITY
Build info: version: '4.23.0', revision: '4df0a231af'
System info: os.name: 'Mac OS X', os.arch: 'aarch64', os.version: '14.5', java.version: '17.0.10'
Driver info: io.appium.java_client.ios.IOSDriver
Command: [b2a77f88-3a55-4d99-aef6-c7207a93ac8f, executeScript {args=[{element=86000000-0000-0000-3F27-000000000000, direction=down}, percentage, 0.7, endX, 209, endY, 660], script=mobile:scroll}]
Capabilities {appium:app: /Users/ayashabodele/Library..., appium:automationName: XCuiTest, appium:databaseEnabled: false, appium:deviceName: Ayasha iPhone, appium:javascriptEnabled: true, appium:locationContextEnabled: false, appium:networkConnectionEnabled: false, appium:platformVersion: 15.0, appium:takesScreenshot: true, appium:udid: 93BFE899-66C1-4AC9-B0E3-0A4..., appium:wdaLaunchTimeout: 20000, appium:webStorageEnabled: false, platformName: IOS}
Session ID: b2a77f88-3a55-4d99-aef6-c7207a93ac8f
at java.base/jdk.internal.reflect.NativeConstructorAccessorImpl.newInstance0(Native Method)
at java.base/jdk.internal.reflect.NativeConstructorAccessorImpl.newInstance(NativeConstructorAccessorImpl.java:77)
at java.base/jdk.internal.reflect.DelegatingConstructorAccessorImpl.newInstance(DelegatingConstructorAccessorImpl.java:45)
at java.base/java.lang.reflect.Constructor.newInstanceWithCaller(Constructor.java:499)
at java.base/java.lang.reflect.Constructor.newInstance(Constructor.java:480)
at org.openqa.selenium.remote.ErrorCodec.decode(ErrorCodec.java:167)
at org.openqa.selenium.remote.codec.w3c.W3CHttpResponseCodec.decode(W3CHttpResponseCodec.java:138)
at org.openqa.selenium.remote.codec.w3c.W3CHttpResponseCodec.decode(W3CHttpResponseCodec.java:50)
at org.openqa.selenium.remote.HttpCommandExecutor.execute(HttpCommandExecutor.java:190)
at io.appium.java_client.remote.AppiumCommandExecutor.execute(AppiumCommandExecutor.java:237)
at org.openqa.selenium.remote.RemoteWebDriver.execute(RemoteWebDriver.java:527)
at org.openqa.selenium.remote.RemoteWebDriver.executeScript(RemoteWebDriver.java:465)
at MobileApplication.mobile.IoSBaseClass.scrolltoElement(IoSBaseClass.java:77)
at MobileApplication.mobile.IoSMobileTestcase.valueScroll(IoSMobileTestcase.java:48)
at java.base/jdk.internal.reflect.NativeMethodAccessorImpl.invoke0(Native Method)
at java.base/jdk.internal.reflect.NativeMethodAccessorImpl.invoke(NativeMethodAccessorImpl.java:77)
at java.base/jdk.internal.reflect.DelegatingMethodAccessorImpl.invoke(DelegatingMethodAccessorImpl.java:43)
at java.base/java.lang.reflect.Method.invoke(Method.java:568)
at org.testng.internal.invokers.MethodInvocationHelper.invokeMethod(MethodInvocationHelper.java:139)
at org.testng.internal.invokers.TestInvoker.invokeMethod(TestInvoker.java:677)
at org.testng.internal.invokers.TestInvoker.invokeTestMethod(TestInvoker.java:221)
at org.testng.internal.invokers.MethodRunner.runInSequence(MethodRunner.java:50)
at org.testng.internal.invokers.TestInvoker$MethodInvocationAgent.invoke(TestInvoker.java:962)
at org.testng.internal.invokers.TestInvoker.invokeTestMethods(TestInvoker.java:194)
at org.testng.internal.invokers.TestMethodWorker.invokeTestMethods(TestMethodWorker.java:148)
at org.testng.internal.invokers.TestMethodWorker.run(TestMethodWorker.java:128)
at java.base/java.util.ArrayList.forEach(ArrayList.java:1511)
at org.testng.TestRunner.privateRun(TestRunner.java:806)
at org.testng.TestRunner.run(TestRunner.java:601)
at org.testng.SuiteRunner.runTest(SuiteRunner.java:433)
at org.testng.SuiteRunner.runSequentially(SuiteRunner.java:427)
at org.testng.SuiteRunner.privateRun(SuiteRunner.java:387)
at org.testng.SuiteRunner.run(SuiteRunner.java:330)
at org.testng.SuiteRunnerWorker.runSuite(SuiteRunnerWorker.java:52)
at org.testng.SuiteRunnerWorker.run(SuiteRunnerWorker.java:95)
at org.testng.TestNG.runSuitesSequentially(TestNG.java:1256)
at org.testng.TestNG.runSuitesLocally(TestNG.java:1176)
at org.testng.TestNG.runSuites(TestNG.java:1099)
at org.testng.TestNG.run(TestNG.java:1067)
at org.testng.remote.AbstractRemoteTestNG.run(AbstractRemoteTestNG.java:115)
at org.testng.remote.RemoteTestNG.initAndRun(RemoteTestNG.java:293)
at org.testng.remote.RemoteTestNG.main(RemoteTestNG.java:91)
]]>
    </failure>
  </testcase> <!-- valueScroll -->
  <testcase classname="MobileApplication.mobile.IoSMobileTestcase" name="datepicker" time="0.0">
    <ignored/>
  </testcase> <!-- datepicker -->
  <testcase classname="MobileApplication.mobile.IoSMobileTestcase" name="longPressTestcase" time="0.0">
    <ignored/>
  </testcase> <!-- longPressTestcase -->
  <testcase classname="MobileApplication.mobile.IoSMobileTestcase" name="launchiOSApp" time="0.0">
    <ignored/>
  </testcase> <!-- launchiOSApp -->
  <testcase classname="MobileApplication.mobile.IoSMobileTestcase" name="sliderOptions" time="0.0">
    <ignored/>
  </testcase> <!-- sliderOptions -->
</testsuite> <!-- Default test -->
